map_engine: bad page http://webcourse.cs.technion.ac.il/236813/Spring2016/: http request timeout
map_engine: bad page http://webcourse.cs.technion.ac.il/236611/Winter2015-2016/: http request timeout
map_engine: bad page http://webcourse.cs.technion.ac.il/234107/Spring2016/book.html: http request timeout
map_engine: bad page http://webcourse.cs.technion.ac.il/234107/Spring2016/ho.html: http request timeout
map_engine: bad page http://webcourse.cs.technion.ac.il/234107/Spring2016/grades.html: http request timeout
map_engine: bad page http://webcourse.cs.technion.ac.il/234107/Spring2016/mailinglist.html: http request timeout
map_engine: bad page http://webcourse.cs.technion.ac.il/234107/Spring2016/partners.html: http request timeout
map_engine: bad page http://webcourse.cs.technion.ac.il/234107/Spring2016/faq.html: page not found
map_engine: bad page http://webcourse.cs.technion.ac.il/234107/Spring2016/syllabus.html: page not found
map_engine: bad page http://webcourse.cs.technion.ac.il/234107/Spring2016/news.html: page not found
map_engine: bad page http://webcourse.cs.technion.ac.il/234107/Spring2016/staff.html: page not found
map_engine: bad page http://webcourse.cs.technion.ac.il/234107/Spring2016/hw.html: page not found
map_engine: bad page http://webcourse.cs.technion.ac.il/234141/Winter2015-2016/partners.html: page not found
map_engine: bad page http://webcourse.cs.technion.ac.il/234141/Winter2015-2016/news.html: page not found
map_engine: bad page http://webcourse.cs.technion.ac.il/234141/Winter2015-2016/faq.html: page not found
map_engine: bad page http://webcourse.cs.technion.ac.il/234141/Winter2015-2016/staff.html: page not found
map_engine: bad page http://webcourse.cs.technion.ac.il/234141/Winter2015-2016/mailinglist.html: page not found
map_engine: bad page http://webcourse.cs.technion.ac.il/234141/Winter2015-2016/grades.html: page not found
map_engine: bad page http://webcourse.cs.technion.ac.il/234141/Winter2015-2016/book.html: page not found
map_engine: bad page http://webcourse.cs.technion.ac.il/234141/Winter2015-2016/ho.html: page not found
map_engine: bad page http://webcourse.cs.technion.ac.il/234141/Winter2015-2016/ev.html: page not found
map_engine: bad page http://webcourse.cs.technion.ac.il/234141/Winter2015-2016/syllabus.html: page not found
map_engine: bad page http://webcourse.cs.technion.ac.il/236703/Spring2016/syllabus.html: page not found
map_engine: bad page http://webcourse.cs.technion.ac.il/236703/Spring2016/staff.html: page not found
map_engine: bad page http://webcourse.cs.technion.ac.il/236703/Spring2016/faq.html: page not found
map_engine: bad page http://webcourse.cs.technion.ac.il/236703/Spring2016/general_info.html: page not found
map_engine: bad page http://webcourse.cs.technion.ac.il/236703/Spring2016/partners.html: page not found
map_engine: bad page http://webcourse.cs.technion.ac.il/236703/Spring2016/grades.html: page not found
map_engine: bad page http://webcourse.cs.technion.ac.il/236703/Spring2016/news.html: page not found
map_engine: bad page http://webcourse.cs.technion.ac.il/236703/Spring2016/ho.html: page not found
map_engine: bad page http://webcourse.cs.technion.ac.il/236703/Spring2016/hw.html: page not found
map_engine: bad page http://webcourse.cs.technion.ac.il/236703/Spring2016/book.html: page not found
map_engine: bad page http://webcourse.cs.technion.ac.il/236703/Spring2016/lnk.html: page not found
map_engine: bad page http://webcourse.cs.technion.ac.il/236703/Spring2016/mailinglist.html: page not found
map_engine: bad page http://webcourse.cs.technion.ac.il/234322/Winter2015-2016/news.html: page not found
map_engine: bad page http://webcourse.cs.technion.ac.il/234322/Winter2015-2016/ho.html: page not found
map_engine: bad page http://webcourse.cs.technion.ac.il/234322/Winter2015-2016/syllabus.html: page not found
map_engine: bad page http://webcourse.cs.technion.ac.il/234322/Winter2015-2016/staff.html: page not found
map_engine: bad page http://webcourse.cs.technion.ac.il/234322/Winter2015-2016/grades.html: page not found
map_engine: bad page http://webcourse.cs.technion.ac.il/234322/Winter2015-2016/partners.html: page not found
map_engine: bad page http://webcourse.cs.technion.ac.il/234322/Winter2015-2016/mailinglist.html: page not found
map_engine: bad page http://webcourse.cs.technion.ac.il/234322/Winter2015-2016/ev.html: page not found
map_engine: bad page http://webcourse.cs.technion.ac.il/234322/Winter2015-2016/book.html: page not found
map_engine: bad page http://webcourse.cs.technion.ac.il/234322/Winter2015-2016/hw.html: http request timeout
map_engine: bad page http://webcourse.cs.technion.ac.il/236327/Winter2015-2016/: http request timeout
map_engine: bad page http://webcourse.cs.technion.ac.il/234900/Spring2016/syllabus.html: page not found
map_engine: bad page http://webcourse.cs.technion.ac.il/234900/Spring2016/faq.html: page not found
map_engine: bad page http://webcourse.cs.technion.ac.il/234900/Spring2016/lnk.html: page not found
map_engine: bad page http://webcourse.cs.technion.ac.il/234900/Spring2016/mailinglist.html: page not found
map_engine: bad page http://webcourse.cs.technion.ac.il/234900/Spring2016/staff.html: page not found
map_engine: bad page http://webcourse.cs.technion.ac.il/234900/Spring2016/general_info.html: page not found
map_engine: bad page http://webcourse.cs.technion.ac.il/234900/Spring2016/ho.html: page not found
map_engine: bad page http://webcourse.cs.technion.ac.il/234900/Spring2016/grades.html: page not found
map_engine: bad page http://webcourse.cs.technion.ac.il/234900/Spring2016/hw.html: page not found
map_engine: bad page http://webcourse.cs.technion.ac.il/234900/Spring2016/news.html: page not found
map_engine: bad page http://webcourse.cs.technion.ac.il/234900/Spring2016/partners.html: page not found
map_engine: bad page http://webcourse.cs.technion.ac.il/234122/lnk.html: page not found
map_engine: bad page http://webcourse.cs.technion.ac.il/234122/hw.html: page not found
map_engine: bad page http://webcourse.cs.technion.ac.il/234122/news.html: page not found
map_engine: bad page http://webcourse.cs.technion.ac.il/234122/partners.html: page not found
map_engine: bad page http://webcourse.cs.technion.ac.il/234122/book.html: page not found
map_engine: bad page http://webcourse.cs.technion.ac.il/234122/faq.html: page not found
map_engine: bad page http://webcourse.cs.technion.ac.il/234122/grades.html: page not found
map_engine: bad page http://webcourse.cs.technion.ac.il/234122/syllabus.html: page not found
map_engine: bad page http://webcourse.cs.technion.ac.il/234122/staff.html: page not found
map_engine: bad page http://webcourse.cs.technion.ac.il/234122/ho.html: page not found
map_engine: bad page http://webcourse.cs.technion.ac.il/234122/mailinglist.html: page not found
map_engine: bad page http://webcourse.cs.technion.ac.il/236653/Winter2015-2016/grades.html: page not found
map_engine: bad page http://webcourse.cs.technion.ac.il/236653/Winter2015-2016/book.html: page not found
map_engine: bad page http://webcourse.cs.technion.ac.il/236653/Winter2015-2016/news.html: page not found
map_engine: bad page http://webcourse.cs.technion.ac.il/236653/Winter2015-2016/partners.html: page not found
map_engine: bad page http://webcourse.cs.technion.ac.il/236653/Winter2015-2016/hw.html: page not found
map_engine: bad page http://webcourse.cs.technion.ac.il/236653/Winter2015-2016/syllabus.html: page not found
map_engine: bad page http://webcourse.cs.technion.ac.il/236653/Winter2015-2016/general_info.html: page not found
map_engine: bad page http://webcourse.cs.technion.ac.il/236653/Winter2015-2016/lnk.html: page not found
map_engine: bad page http://webcourse.cs.technion.ac.il/236653/Winter2015-2016/staff.html: page not found
map_engine: bad page http://webcourse.cs.technion.ac.il/236653/Winter2015-2016/mailinglist.html: page not found
map_engine: bad page http://webcourse.cs.technion.ac.il/236653/Winter2015-2016/ev.html: page not found
map_engine: bad page http://webcourse.cs.technion.ac.il/236653/Winter2015-2016/ho.html: page not found
map_engine: bad page http://webcourse.cs.technion.ac.il/236698/Spring2016/hw.html: page not found
map_engine: bad page http://webcourse.cs.technion.ac.il/236698/Spring2016/mailinglist.html: page not found
map_engine: bad page http://webcourse.cs.technion.ac.il/236698/Spring2016/partners.html: page not found
map_engine: bad page http://webcourse.cs.technion.ac.il/236698/Spring2016/grades.html: page not found
map_engine: bad page http://webcourse.cs.technion.ac.il/236698/Spring2016/general_info.html: page not found
map_engine: bad page http://webcourse.cs.technion.ac.il/236698/Spring2016/syllabus.html: page not found
map_engine: bad page http://webcourse.cs.technion.ac.il/236360/Winter2015-2016/syllabus.html: page not found
map_engine: bad page http://webcourse.cs.technion.ac.il/236360/Winter2015-2016/mailinglist.html: page not found
map_engine: bad page http://webcourse.cs.technion.ac.il/236360/Winter2015-2016/partners.html: page not found
map_engine: bad page http://webcourse.cs.technion.ac.il/236360/Winter2015-2016/general_info.html: page not found
map_engine: bad page http://webcourse.cs.technion.ac.il/236360/Winter2015-2016/staff.html: page not found
map_engine: bad page http://webcourse.cs.technion.ac.il/236360/Winter2015-2016/grades.html: page not found
map_engine: bad page http://webcourse.cs.technion.ac.il/236360/Winter2015-2016/news.html: page not found
map_engine: bad page http://webcourse.cs.technion.ac.il/236360/Winter2015-2016/lnk.html: page not found
map_engine: bad page http://webcourse.cs.technion.ac.il/236360/Winter2015-2016/book.html: page not found
map_engine: bad page http://webcourse.cs.technion.ac.il/236360/Winter2015-2016/faq.html: page not found
map_engine: bad page http://webcourse.cs.technion.ac.il/236360/Winter2015-2016/ho.html: page not found
map_engine: bad page http://webcourse.cs.technion.ac.il/236360/Winter2015-2016/ev.html: page not found
map_engine: bad page http://webcourse.cs.technion.ac.il/236360/Winter2015-2016/hw.html: page not found
map_engine: bad page http://webcourse.cs.technion.ac.il/236611/Spring2016/partners.html: page not found
map_engine: bad page http://webcourse.cs.technion.ac.il/236611/Spring2016/ho.html: page not found
map_engine: bad page http://webcourse.cs.technion.ac.il/236611/Spring2016/lnk.html: page not found
map_engine: bad page http://webcourse.cs.technion.ac.il/236611/Spring2016/hw.html: page not found
map_engine: bad page http://webcourse.cs.technion.ac.il/236611/Spring2016/grades.html: page not found
map_engine: bad page http://webcourse.cs.technion.ac.il/236611/Spring2016/book.html: page not found
map_engine: bad page http://webcourse.cs.technion.ac.il/236611/Spring2016/staff.html: page not found
map_engine: bad page http://webcourse.cs.technion.ac.il/236611/Spring2016/mailinglist.html: page not found
map_engine: bad page http://webcourse.cs.technion.ac.il/236611/Spring2016/syllabus.html: page not found
map_engine: bad page http://webcourse.cs.technion.ac.il/234270/Winter2015-2016/news.html: page not found
map_engine: bad page http://webcourse.cs.technion.ac.il/234270/Winter2015-2016/staff.html: page not found
map_engine: bad page http://webcourse.cs.technion.ac.il/234270/Winter2015-2016/partners.html: page not found
map_engine: bad page http://webcourse.cs.technion.ac.il/234270/Winter2015-2016/general_info.html: page not found
map_engine: bad page http://webcourse.cs.technion.ac.il/234270/Winter2015-2016/ho.html: page not found
map_engine: bad page http://webcourse.cs.technion.ac.il/234270/Winter2015-2016/grades.html: page not found
map_engine: bad page http://webcourse.cs.technion.ac.il/234270/Winter2015-2016/ev.html: page not found
map_engine: bad page http://webcourse.cs.technion.ac.il/234270/Winter2015-2016/hw.html: page not found
map_engine: bad page http://webcourse.cs.technion.ac.il/234270/Winter2015-2016/syllabus.html: page not found
map_engine: bad page http://webcourse.cs.technion.ac.il/234270/Winter2015-2016/book.html: page not found
map_engine: bad page http://webcourse.cs.technion.ac.il/234270/Winter2015-2016/mailinglist.html: page not found
map_engine: bad page http://webcourse.cs.technion.ac.il/236357/Winter2015-2016/syllabus.html: page not found
map_engine: bad page http://webcourse.cs.technion.ac.il/236357/Winter2015-2016/ho.html: page not found
map_engine: bad page http://webcourse.cs.technion.ac.il/236357/Winter2015-2016/mailinglist.html: page not found
map_engine: bad page http://webcourse.cs.technion.ac.il/236357/Winter2015-2016/grades.html: page not found
map_engine: bad page http://webcourse.cs.technion.ac.il/236357/Winter2015-2016/staff.html: page not found
map_engine: bad page http://webcourse.cs.technion.ac.il/236357/Winter2015-2016/news.html: page not found
map_engine: bad page http://webcourse.cs.technion.ac.il/236357/Winter2015-2016/hw.html: page not found
map_engine: bad page http://webcourse.cs.technion.ac.il/236363/Spring2016/partners.html: page not found
map_engine: bad page http://webcourse.cs.technion.ac.il/236363/Spring2016/hw.html: page not found
map_engine: bad page http://webcourse.cs.technion.ac.il/236363/Spring2016/grades.html: page not found
map_engine: bad page http://webcourse.cs.technion.ac.il/236363/Spring2016/mailinglist.html: page not found
map_engine: bad page http://webcourse.cs.technion.ac.il/236363/Spring2016/book.html: page not found
map_engine: bad page http://webcourse.cs.technion.ac.il/236363/Spring2016/syllabus.html: page not found
map_engine: bad page http://webcourse.cs.technion.ac.il/236363/Spring2016/staff.html: page not found
map_engine: bad page http://webcourse.cs.technion.ac.il/236363/Spring2016/faq.html: page not found
map_engine: bad page http://webcourse.cs.technion.ac.il/236363/Spring2016/lnk.html: page not found
map_engine: bad page http://webcourse.cs.technion.ac.il/236363/Spring2016/ho.html: page not found
map_engine: bad page http://webcourse.cs.technion.ac.il/236363/Spring2016/news.html: page not found
map_engine: bad page http://csl2.cs.technion.ac.il/~cs236363/phpPgAdmin-4.2.2/: http request timeout
map_engine: bad page http://webcourse.cs.technion.ac.il/236363/Winter2015-2016/en/faq_HW4%20WET.html: http request timeout
map_engine: bad page http://webcourse.cs.technion.ac.il/236363/Winter2015-2016/en/faq_HW2.html: http request timeout
map_engine: bad page http://webcourse.cs.technion.ac.il/236363/Winter2015-2016/en/faq_HW3.html: http request timeout
map_engine: bad page http://webcourse.cs.technion.ac.il/236363/Winter2015-2016/en/hw_esubmit_312331450299228.html: http request timeout
map_engine: bad page http://webcourse.cs.technion.ac.il/236363/Winter2015-2016/en/hw_esubmit_116551451841940.html: http request timeout
map_engine: bad page http://webcourse.cs.technion.ac.il/236363/Winter2015-2016/en/hw_esubmit_194411447102907.html: http request timeout
map_engine: bad page http://csl2.cs.technion.ac.il/%7Ecs236363/phpPgAdmin-4.2.2/: http request timeout
map_engine: bad page http://webcourse.cs.technion.ac.il/236363/Spring2016/general_info.html: page not found
map_engine: bad page http://webcourse.cs.technion.ac.il/236370/Winter2015-2016/faq.html: page not found
map_engine: bad page http://webcourse.cs.technion.ac.il/236370/Winter2015-2016/book.html: page not found
map_engine: bad page http://webcourse.cs.technion.ac.il/236370/Winter2015-2016/staff.html: page not found
map_engine: bad page http://webcourse.cs.technion.ac.il/236370/Winter2015-2016/hw.html: page not found
map_engine: bad page http://webcourse.cs.technion.ac.il/236370/Winter2015-2016/news.html: page not found
map_engine: bad page http://webcourse.cs.technion.ac.il/236370/Winter2015-2016/lnk.html: page not found
map_engine: bad page http://webcourse.cs.technion.ac.il/236370/Winter2015-2016/ho.html: page not found
map_engine: bad page http://webcourse.cs.technion.ac.il/236370/Winter2015-2016/grades.html: page not found
map_engine: bad page http://webcourse.cs.technion.ac.il/236370/Winter2015-2016/partners.html: page not found
map_engine: bad page http://webcourse.cs.technion.ac.il/236370/Winter2015-2016/mailinglist.html: page not found
map_engine: bad page http://webcourse.cs.technion.ac.il/236370/Winter2015-2016/syllabus.html: page not found
map_engine: bad page http://webcourse.cs.technion.ac.il/236370/Winter2015-2016/general_info.html: page not found
map_engine: bad page http://webcourse.cs.technion.ac.il/236370/Winter2015-2016/ev.html: page not found
map_engine: bad page http://webcourse.cs.technion.ac.il/234107/Winter2015-2016/ev.html: page not found
map_engine: bad page http://webcourse.cs.technion.ac.il/234107/Winter2015-2016/ho.html: page not found
map_engine: bad page http://webcourse.cs.technion.ac.il/234107/Winter2015-2016/syllabus.html: page not found
map_engine: bad page http://webcourse.cs.technion.ac.il/234107/Winter2015-2016/book.html: page not found
map_engine: bad page http://webcourse.cs.technion.ac.il/234107/Winter2015-2016/faq.html: page not found
map_engine: bad page http://webcourse.cs.technion.ac.il/234107/Winter2015-2016/grades.html: page not found
map_engine: bad page http://webcourse.cs.technion.ac.il/234107/Winter2015-2016/partners.html: page not found
map_engine: bad page http://webcourse.cs.technion.ac.il/234107/Winter2015-2016/news.html: page not found
map_engine: bad page http://webcourse.cs.technion.ac.il/234107/Winter2015-2016/hw.html: page not found
map_engine: bad page http://webcourse.cs.technion.ac.il/234107/Winter2015-2016/staff.html: page not found
map_engine: bad page http://webcourse.cs.technion.ac.il/234107/Winter2015-2016/mailinglist.html: page not found
map_engine: bad page http://webcourse.cs.technion.ac.il/236610/Spring2016/staff.html: page not found
map_engine: bad page http://webcourse.cs.technion.ac.il/236610/Spring2016/news.html: page not found
map_engine: bad page http://webcourse.cs.technion.ac.il/236610/Spring2016/hw.html: page not found
map_engine: bad page http://webcourse.cs.technion.ac.il/236610/Spring2016/general_info.html: page not found
map_engine: bad page http://webcourse.cs.technion.ac.il/236610/Spring2016/syllabus.html: page not found
map_engine: bad page http://webcourse.cs.technion.ac.il/236610/Spring2016/mailinglist.html: page not found
map_engine: bad page http://webcourse.cs.technion.ac.il/236610/Spring2016/grades.html: page not found
map_engine: bad page http://webcourse.cs.technion.ac.il/236523/Winter2015-2016/partners.html: page not found
map_engine: bad page http://webcourse.cs.technion.ac.il/236523/Winter2015-2016/syllabus.html: page not found
map_engine: bad page http://webcourse.cs.technion.ac.il/236523/Winter2015-2016/news.html: page not found
map_engine: bad page http://webcourse.cs.technion.ac.il/236523/Winter2015-2016/general_info.html: page not found
map_engine: bad page http://webcourse.cs.technion.ac.il/236523/Winter2015-2016/staff.html: page not found
map_engine: bad page http://webcourse.cs.technion.ac.il/236523/Winter2015-2016/grades.html: page not found
map_engine: bad page http://webcourse.cs.technion.ac.il/236523/Winter2015-2016/mailinglist.html: page not found
map_engine: bad page http://webcourse.cs.technion.ac.il/236523/Winter2015-2016/ho.html: page not found
map_engine: bad page http://webcourse.cs.technion.ac.il/236523/Winter2015-2016/faq.html: page not found
map_engine: bad page http://webcourse.cs.technion.ac.il/236523/Winter2015-2016/hw.html: page not found
map_engine: bad page http://webcourse.cs.technion.ac.il/236360/Spring2016/hw.html: page not found
map_engine: bad page http://webcourse.cs.technion.ac.il/236360/Spring2016/book.html: page not found
map_engine: bad page http://webcourse.cs.technion.ac.il/236360/Spring2016/ho.html: page not found
map_engine: bad page http://webcourse.cs.technion.ac.il/236360/Spring2016/grades.html: page not found
map_engine: bad page http://webcourse.cs.technion.ac.il/236360/Spring2016/lnk.html: page not found
map_engine: bad page http://webcourse.cs.technion.ac.il/236360/Spring2016/staff.html: page not found
map_engine: bad page http://webcourse.cs.technion.ac.il/236360/Spring2016/mailinglist.html: page not found
map_engine: bad page http://webcourse.cs.technion.ac.il/236360/Spring2016/syllabus.html: page not found
map_engine: bad page http://webcourse.cs.technion.ac.il/236360/Spring2016/partners.html: page not found
map_engine: bad page http://webcourse.cs.technion.ac.il/236360/Spring2016/general_info.html: page not found
map_engine: bad page http://webcourse.cs.technion.ac.il/236360/Spring2016/news.html: page not found
map_engine: bad page http://webcourse.cs.technion.ac.il/236620/Winter2015-2016/partners.html: page not found
map_engine: bad page http://webcourse.cs.technion.ac.il/236620/Winter2015-2016/ev.html: page not found
map_engine: bad page http://webcourse.cs.technion.ac.il/236620/Winter2015-2016/general_info.html: page not found
map_engine: bad page http://webcourse.cs.technion.ac.il/236620/Winter2015-2016/grades.html: page not found
map_engine: bad page http://webcourse.cs.technion.ac.il/236620/Winter2015-2016/syllabus.html: page not found
map_engine: bad page http://webcourse.cs.technion.ac.il/236620/Winter2015-2016/ho.html: page not found
map_engine: bad page http://webcourse.cs.technion.ac.il/236620/Winter2015-2016/hw.html: page not found
map_engine: bad page http://webcourse.cs.technion.ac.il/236620/Winter2015-2016/news.html: page not found
map_engine: bad page http://webcourse.cs.technion.ac.il/236620/Winter2015-2016/staff.html: page not found
map_engine: bad page http://webcourse.cs.technion.ac.il/236620/Winter2015-2016/mailinglist.html: page not found
map_engine: bad page http://webcourse.cs.technion.ac.il/234319/Spring2016/mailinglist.html: page not found
map_engine: bad page http://webcourse.cs.technion.ac.il/234319/Spring2016/book.html: page not found
map_engine: bad page http://webcourse.cs.technion.ac.il/234319/Spring2016/faq.html: page not found
map_engine: bad page http://webcourse.cs.technion.ac.il/234319/Spring2016/ev.html: page not found
map_engine: bad page http://webcourse.cs.technion.ac.il/234319/Spring2016/partners.html: page not found
map_engine: bad page http://webcourse.cs.technion.ac.il/234319/Spring2016/hw.html: page not found
map_engine: bad page http://webcourse.cs.technion.ac.il/234319/Spring2016/syllabus.html: page not found
map_engine: bad page http://webcourse.cs.technion.ac.il/234319/Spring2016/lnk.html: page not found
map_engine: bad page http://webcourse.cs.technion.ac.il/234319/Spring2016/ho.html: page not found
map_engine: bad page http://webcourse.cs.technion.ac.il/234319/Spring2016/news.html: page not found
map_engine: bad page http://webcourse.cs.technion.ac.il/234319/Spring2016/grades.html: page not found
map_engine: bad page http://webcourse.cs.technion.ac.il/234319/Spring2016/general_info.html: page not found
map_engine: bad page http://webcourse.cs.technion.ac.il/234319/Spring2016/staff.html: page not found
map_engine: bad page http://webcourse.cs.technion.ac.il/236620/Spring2016/syllabus.html: page not found
map_engine: bad page http://webcourse.cs.technion.ac.il/236620/Spring2016/mailinglist.html: page not found
map_engine: bad page http://webcourse.cs.technion.ac.il/236620/Spring2016/grades.html: page not found
map_engine: bad page http://webcourse.cs.technion.ac.il/236620/Spring2016/general_info.html: page not found
map_engine: bad page http://webcourse.cs.technion.ac.il/236620/Spring2016/book.html: page not found
map_engine: bad page http://webcourse.cs.technion.ac.il/236620/Spring2016/staff.html: page not found
map_engine: bad page http://webcourse.cs.technion.ac.il/236620/Spring2016/news.html: page not found
map_engine: bad page http://webcourse.cs.technion.ac.il/236620/Spring2016/ho.html: page not found
map_engine: bad page http://webcourse.cs.technion.ac.il/236620/Spring2016/partners.html: page not found
map_engine: bad page http://webcourse.cs.technion.ac.il/236620/Spring2016/hw.html: page not found
map_engine: bad page http://webcourse.cs.technion.ac.il/234118/Spring2016/general_info.html: page not found
map_engine: bad page http://webcourse.cs.technion.ac.il/234118/Spring2016/news.html: page not found
map_engine: bad page http://webcourse.cs.technion.ac.il/234118/Spring2016/staff.html: page not found
map_engine: bad page http://webcourse.cs.technion.ac.il/234118/faq.html: page not found
map_engine: bad page http://webcourse.cs.technion.ac.il/234118/staff.html: page not found
map_engine: bad page http://webcourse.cs.technion.ac.il/234118/syllabus.html: page not found
map_engine: bad page http://webcourse.cs.technion.ac.il/234118/mailinglist.html: page not found
map_engine: bad page http://webcourse.cs.technion.ac.il/234118/book.html: page not found
map_engine: bad page http://webcourse.cs.technion.ac.il/234118/partners.html: page not found
map_engine: bad page http://webcourse.cs.technion.ac.il/234118/general_info.html: page not found
map_engine: bad page http://webcourse.cs.technion.ac.il/234118/grades.html: page not found
map_engine: bad page http://webcourse.cs.technion.ac.il/234118/ho.html: page not found
map_engine: bad page http://webcourse.cs.technion.ac.il/234118/hw.html: page not found
map_engine: bad page http://webcourse.cs.technion.ac.il/234118/news.html: page not found
map_engine: bad page http://webcourse.cs.technion.ac.il/234118/Spring2016/mailinglist.html: page not found
map_engine: bad page http://webcourse.cs.technion.ac.il/234118/Spring2016/book.html: page not found
map_engine: bad page http://webcourse.cs.technion.ac.il/234118/Spring2016/partners.html: page not found
map_engine: bad page http://webcourse.cs.technion.ac.il/234118/Spring2016/hw.html: page not found
map_engine: bad page http://webcourse.cs.technion.ac.il/234118/Spring2016/faq.html: page not found
map_engine: bad page http://webcourse.cs.technion.ac.il/234118/Spring2016/ho.html: page not found
map_engine: bad page http://webcourse.cs.technion.ac.il/234118/Spring2016/syllabus.html: page not found
map_engine: bad page http://webcourse.cs.technion.ac.il/234118/Spring2016/grades.html: page not found
map_engine: bad page http://www.technion.ac.il/: http request timeout
map_engine: bad page http://www.cs.technion.ac.il/etc/forms/: page not found
map_engine: bad page http://www.cs.technion.ac.il/he/undergraduate/prospective-students/is/index.html: page not found
map_engine: bad page http://wwww.cs.technion.ac.il/~shaulm/: <class 'urllib3.exceptions.MaxRetryError'>
map_engine: bad page http://huizhang.cswp.cs.technion.ac.il/: http request timeout
map_engine: bad page http://www.cs.technion.ac.il/~cs236805/: page not found
map_engine: bad page mailto:lccn[doar]cs.technion.ac.il: <class 'urllib3.exceptions.LocationParseError'>
map_engine: bad page http://www.cs.technion.ac.il/~cs236340/: page not found
map_engine: bad page http://webcourse.cs.technion.ac.il/236341/grades.html: page not found
map_engine: bad page http://webcourse.cs.technion.ac.il/236341/mailinglist.html: page not found
map_engine: bad page http://webcourse.cs.technion.ac.il/236341/lnk.html: page not found
map_engine: bad page http://webcourse.cs.technion.ac.il/236341/news.html: page not found
map_engine: bad page http://webcourse.cs.technion.ac.il/236341/faq.html: page not found
map_engine: bad page http://webcourse.cs.technion.ac.il/236341/hw.html: page not found
map_engine: bad page http://webcourse.cs.technion.ac.il/236341/ev.html: page not found
map_engine: bad page http://webcourse.cs.technion.ac.il/236341/book.html: page not found
map_engine: bad page http://webcourse.cs.technion.ac.il/236341/partners.html: page not found
map_engine: bad page http://webcourse.cs.technion.ac.il/236341/general_info.html: page not found
map_engine: bad page http://webcourse.cs.technion.ac.il/236341/staff.html: page not found
map_engine: bad page http://webcourse.cs.technion.ac.il/236341/ho.html: page not found
map_engine: bad page http://iew3.technion.ac.il:8080/: <class 'urllib3.exceptions.MaxRetryError'>
map_engine: bad page http://webcourse.cs.technion.ac.il/236334/book.html: page not found
map_engine: bad page http://webcourse.cs.technion.ac.il/236334/grades.html: page not found
map_engine: bad page http://webcourse.cs.technion.ac.il/236334/hw.html: page not found
map_engine: bad page http://webcourse.cs.technion.ac.il/236334/general_info.html: page not found
map_engine: bad page http://webcourse.cs.technion.ac.il/236334/staff.html: page not found
map_engine: bad page http://webcourse.cs.technion.ac.il/236334/syllabus.html: page not found
map_engine: bad page http://webcourse.cs.technion.ac.il/236334/mailinglist.html: page not found
map_engine: bad page http://webcourse.cs.technion.ac.il/236334/partners.html: page not found
map_engine: bad page http://webcourse.cs.technion.ac.il/236334/ho.html: page not found
map_engine: bad page http://webcourse.cs.technion.ac.il/236334/faq.html: page not found
map_engine: bad page http://webcourse.cs.technion.ac.il/236334/news.html: page not found
map_engine: bad page http://www.cs.technion.ac.il/~nastyad/cs.technion.ac.il: page not found
map_engine: bad page http://ssdl.cs.technion.ac.il/projects/yearly-

project/: page not found
map_engine: bad page http://gip.cs.technion.ac.il/wiki.html: page not found
map_engine: bad page mailto:eugene@bm.technion.ac.il: http request timeout
map_engine: bad page http://gip.cs.technion.ac.il/prop-

projects.html: page not found
map_engine: bad page http://www.cs.technion.ac.il/%7Ecs236374/news.html: page not found
map_engine: bad page http://www.cs.technion.ac.il/%7Ecs236374/hw.html: page not found
map_engine: bad page http://www.cs.technion.ac.il/%7Ecs236374/staff.html: page not found
map_engine: bad page http://www.cs.technion.ac.il/html/accessibility.html: page not found
map_engine: bad page http://www.cs.technion.ac.il/%7Ecs236374/ho.html: page not found
map_engine: bad page http://www.cs.technion.ac.il/%7Ecs236374/syllabus.html: page not found
map_engine: bad page http://www.cs.technion.ac.il/%7Ecs236374/lnk.html: page not found
map_engine: bad page http://www.cs.technion.ac.il/%7Ecs236374/book.html: page not found
map_engine: bad page http://www.cs.technion.ac.il/%7Ecs236374/grades.html: page not found
map_engine: bad page http://www.cs.technion.ac.il/%7Ecs236374/general_info.html: page not found
map_engine: bad page http://www.cs.technion.ac.il/%7Ecs236374/mailinglist.html: page not found
map_engine: bad page http://www.cs.technion.ac.il/%7Ereuven/CV/bibtex/BBG98a.html: page not found
map_engine: bad page http://www.cs.technion.ac.il/%7Ereuven/CV/bibtex/BarBar.html: page not found
map_engine: bad page http://www.cs.technion.ac.il/%7Ereuven/CV/bibtex/Bar98c.html: page not found
map_engine: bad page http://www.cs.technion.ac.il/%7Ereuven/CV/bibtex/BarGei97.html: page not found
map_engine: bad page http://www.cs.technion.ac.il/%7Ereuven/CV/bibtex/MakGotBar99.html: page not found
map_engine: bad page mailto:wp@technion.ac.il: http request timeout
map_engine: bad page mailto:ssdl%40cs.technion.ac.il: <class 'urllib3.exceptions.LocationParseError'>
map_engine: bad page http://www.cs.technion.ac.il/~cggc/projects-

proposed.html: page not found
map_engine: bad page https://alumni.cs.technion.ac.il/: <class 'urllib3.exceptions.SSLError'>
map_engine: bad page https://alumni.cs.technion.ac.il//: <class 'urllib3.exceptions.SSLError'>
map_engine: bad page http://cs.technion.ac.il/etc/forms/: page not found
map_engine: bad page http://www.cs.technion.ac.il/who_i_am/: page not found
map_engine: bad page http://www.cs.technion.ac.il/where_i_live/: page not found
map_engine: bad page http://www.cs.technion.ac.il/what_i_do/: page not found
map_engine: bad page http://www.cs.technion.ac.il/howto_contact_me/: page not found
map_engine: bad page http://www.cs.technion.ac.il/teaching/: page not found
map_engine: bad page http://www.cs.technion.ac.il/~freddy/science.htm: page not found
map_engine: bad page http://www.cs.technion.ac.il/~cs236610/: page not found
map_engine: bad page http://www.cs.technion.ac.il/~cs236873/: page not found
map_engine: bad page http://www.cs.technion.ac.il/~cs236860/book.html: page not found
map_engine: bad page http://www.cs.technion.ac.il/~cs236860/ho.html: page not found
map_engine: bad page http://www.cs.technion.ac.il/~cs236860/partners.html: page not found
map_engine: bad page http://www.cs.technion.ac.il/~cs236860/news.html: page not found
map_engine: bad page http://www.cs.technion.ac.il/~cs236860/staff.html: page not found
map_engine: bad page http://www.cs.technion.ac.il/~cs236860/ev.html: page not found
map_engine: bad page http://www.cs.technion.ac.il/~cs236860/syllabus.html: page not found
map_engine: bad page http://www.cs.technion.ac.il/~cs236860/hw.html: page not found
map_engine